2021-05-30 16:20:00.347  INFO localhost.localdomain --- [           main] .b.t.c.SpringBootTestContextBootstrapper : Neither @ContextConfiguration nor @ContextHierarchy found for test class [com.risk.assessment.AssessmentApplicationTests], using SpringBootContextLoader
2021-05-30 16:20:00.356  INFO localhost.localdomain --- [           main] o.s.t.c.s.AbstractContextLoader          : Could not detect default resource locations for test class [com.risk.assessment.AssessmentApplicationTests]: no resource found for suffixes {-context.xml, Context.groovy}.
2021-05-30 16:20:00.357  INFO localhost.localdomain --- [           main] t.c.s.AnnotationConfigContextLoaderUtils : Could not detect default configuration classes for test class [com.risk.assessment.AssessmentApplicationTests]: AssessmentApplicationTests does not declare any static, non-private, non-final, nested classes annotated with @Configuration.
2021-05-30 16:20:00.466  INFO localhost.localdomain --- [           main] .b.t.c.SpringBootTestContextBootstrapper : Found @SpringBootConfiguration com.risk.assessment.AssessmentApplication for test class com.risk.assessment.AssessmentApplicationTests
2021-05-30 16:20:00.565  INFO localhost.localdomain --- [           main] .b.t.c.SpringBootTestContextBootstrapper : Loaded default TestExecutionListener class names from location [META-INF/spring.factories]: [org.springframework.boot.test.mock.mockito.MockitoTestExecutionListener, org.springframework.boot.test.mock.mockito.ResetMocksTestExecutionListener, org.springframework.boot.test.autoconfigure.restdocs.RestDocsTestExecutionListener, org.springframework.boot.test.autoconfigure.web.client.MockRestServiceServerResetTestExecutionListener, org.springframework.boot.test.autoconfigure.web.servlet.MockMvcPrintOnlyOnFailureTestExecutionListener, org.springframework.boot.test.autoconfigure.web.servlet.WebDriverTestExecutionListener, org.springframework.boot.test.autoconfigure.webservices.client.MockWebServiceServerTestExecutionListener, org.springframework.test.context.web.ServletTestExecutionListener, org.springframework.test.context.support.DirtiesContextBeforeModesTestExecutionListener, org.springframework.test.context.event.ApplicationEventsTestExecutionListener, org.springframework.test.context.support.DependencyInjectionTestExecutionListener, org.springframework.test.context.support.DirtiesContextTestExecutionListener, org.springframework.test.context.transaction.TransactionalTestExecutionListener, org.springframework.test.context.jdbc.SqlScriptsTestExecutionListener, org.springframework.test.context.event.EventPublishingTestExecutionListener, org.springframework.security.test.context.support.WithSecurityContextTestExecutionListener, org.springframework.security.test.context.support.ReactorContextTestExecutionListener]
2021-05-30 16:20:00.588  INFO localhost.localdomain --- [           main] .b.t.c.SpringBootTestContextBootstrapper : Using TestExecutionListeners: [org.springframework.test.context.web.ServletTestExecutionListener@6155d082, org.springframework.test.context.support.DirtiesContextBeforeModesTestExecutionListener@3a5ecce3, org.springframework.test.context.event.ApplicationEventsTestExecutionListener@561868a0, org.springframework.boot.test.mock.mockito.MockitoTestExecutionListener@2ea6e30c, org.springframework.boot.test.autoconfigure.SpringBootDependencyInjectionTestExecutionListener@6138e79a, org.springframework.test.context.support.DirtiesContextTestExecutionListener@2dcd168a, org.springframework.test.context.transaction.TransactionalTestExecutionListener@388526fb, org.springframework.test.context.jdbc.SqlScriptsTestExecutionListener@21a21c64, org.springframework.test.context.event.EventPublishingTestExecutionListener@7803bfd, org.springframework.security.test.context.support.WithSecurityContextTestExecutionListener@42bc14c1, org.springframework.security.test.context.support.ReactorContextTestExecutionListener@531f4093, org.springframework.boot.test.mock.mockito.ResetMocksTestExecutionListener@62ef27a8, org.springframework.boot.test.autoconfigure.restdocs.RestDocsTestExecutionListener@6436a7db, org.springframework.boot.test.autoconfigure.web.client.MockRestServiceServerResetTestExecutionListener@460ebd80, org.springframework.boot.test.autoconfigure.web.servlet.MockMvcPrintOnlyOnFailureTestExecutionListener@6f3c660a, org.springframework.boot.test.autoconfigure.web.servlet.WebDriverTestExecutionListener@74f5ce22, org.springframework.boot.test.autoconfigure.webservices.client.MockWebServiceServerTestExecutionListener@25aca718]
2021-05-30 16:20:00.904  INFO localhost.localdomain --- [kground-preinit] o.h.v.i.u.Version                        : HV000001: Hibernate Validator 6.1.7.Final
2021-05-30 16:20:00.934  INFO localhost.localdomain --- [           main] c.r.a.AssessmentApplicationTests         : Starting AssessmentApplicationTests using Java 1.8.0_211 on localhost.localdomain with PID 10626 (started by vganesh in /home/vganesh/Vijay/assessment)
2021-05-30 16:20:00.947  INFO localhost.localdomain --- [           main] c.r.a.AssessmentApplicationTests         : No active profile set, falling back to default profiles: default
2021-05-30 16:20:01.903  INFO localhost.localdomain --- [           main] .s.d.r.c.RepositoryConfigurationDelegate : Bootstrapping Spring Data JPA repositories in DEFAULT mode.
2021-05-30 16:20:02.116  INFO localhost.localdomain --- [           main] .s.d.r.c.RepositoryConfigurationDelegate : Finished Spring Data repository scanning in 195 ms. Found 8 JPA repository interfaces.
2021-05-30 16:20:02.671  INFO localhost.localdomain --- [           main] trationDelegate$BeanPostProcessorChecker : Bean 'org.springframework.security.access.expression.method.DefaultMethodSecurityExpressionHandler@151bf776' of type [org.springframework.security.access.expression.method.DefaultMethodSecurityExpressionHandler] is not eligible for getting processed by all BeanPostProcessors (for example: not eligible for auto-proxying)
2021-05-30 16:20:02.695  INFO localhost.localdomain --- [           main] trationDelegate$BeanPostProcessorChecker : Bean 'methodSecurityMetadataSource' of type [org.springframework.security.access.method.DelegatingMethodSecurityMetadataSource] is not eligible for getting processed by all BeanPostProcessors (for example: not eligible for auto-proxying)
2021-05-30 16:20:02.975  INFO localhost.localdomain --- [           main] o.f.c.i.l.VersionPrinter                 : Flyway Community Edition 7.1.1 by Redgate
2021-05-30 16:20:02.984  INFO localhost.localdomain --- [           main] c.z.h.HikariDataSource                   : HikariPool-1 - Starting...
2021-05-30 16:20:03.243  INFO localhost.localdomain --- [           main] c.z.h.HikariDataSource                   : HikariPool-1 - Start completed.
2021-05-30 16:20:03.306  INFO localhost.localdomain --- [           main] o.f.c.i.d.b.DatabaseType                 : Database: jdbc:mysql://localhost:3306/Alert_Manager (MySQL 5.7)
2021-05-30 16:20:03.369  INFO localhost.localdomain --- [           main] o.f.c.i.c.DbValidate                     : Successfully validated 4 migrations (execution time 00:00.035s)
2021-05-30 16:20:03.385  INFO localhost.localdomain --- [           main] o.f.c.i.c.DbMigrate                      : Current version of schema `Alert_Manager`: 3
2021-05-30 16:20:03.398  INFO localhost.localdomain --- [           main] o.f.c.i.c.DbMigrate                      : Migrating schema `Alert_Manager` to version "4 - CompRiskStatus"
2021-05-30 16:20:04.697  INFO localhost.localdomain --- [           main] o.f.c.i.c.DbMigrate                      : Successfully applied 1 migration to schema `Alert_Manager` (execution time 00:01.321s)
2021-05-30 16:20:04.831  INFO localhost.localdomain --- [           main] o.h.j.i.u.LogHelper                      : HHH000204: Processing PersistenceUnitInfo [name: default]
2021-05-30 16:20:04.904  INFO localhost.localdomain --- [           main] o.h.Version                              : HHH000412: Hibernate ORM core version 5.4.28.Final
2021-05-30 16:20:05.228  INFO localhost.localdomain --- [           main] o.h.a.c.Version                          : HCANN000001: Hibernate Commons Annotations {5.1.2.Final}
2021-05-30 16:20:05.428  INFO localhost.localdomain --- [           main] o.h.d.Dialect                            : HHH000400: Using dialect: org.hibernate.dialect.MySQL5InnoDBDialect
2021-05-30 16:20:07.033  INFO localhost.localdomain --- [           main] o.h.e.t.j.p.i.JtaPlatformInitiator       : HHH000490: Using JtaPlatform implementation: [org.hibernate.engine.transaction.jta.platform.internal.NoJtaPlatform]
2021-05-30 16:20:07.045  INFO localhost.localdomain --- [           main] j.LocalContainerEntityManagerFactoryBean : Initialized JPA EntityManagerFactory for persistence unit 'default'
2021-05-30 16:20:08.166  WARN localhost.localdomain --- [           main] JpaBaseConfiguration$JpaWebConfiguration : spring.jpa.open-in-view is enabled by default. Therefore, database queries may be performed during view rendering. Explicitly configure spring.jpa.open-in-view to disable this warning
2021-05-30 16:20:08.482 DEBUG localhost.localdomain --- [           main] o.h.SQL                                  : 
    select
        user0_.id as id1_6_,
        user0_.datecreated as datecrea2_6_,
        user0_.department as departme3_6_,
        user0_.user_email as user_ema4_6_,
        user0_.employee_id as employee5_6_,
        user0_.user_firstname as user_fir6_6_,
        user0_.invalid_auth_req_count as invalid_7_6_,
        user0_.last_password_reset as last_pas8_6_,
        user0_.user_lastname as user_las9_6_,
        user0_.user_middlename as user_mi10_6_,
        user0_.phone_no as phone_n11_6_,
        user0_.password as passwor12_6_,
        user0_.role_id as role_id14_6_,
        user0_.username as usernam13_6_ 
    from
        user_data user0_ 
    where
        user0_.employee_id=?
2021-05-30 16:20:08.509 DEBUG localhost.localdomain --- [           main] o.h.SQL                                  : 
    select
        role0_.id as id1_3_0_,
        role0_.role_name as role_nam2_3_0_ 
    from
        role role0_ 
    where
        role0_.id=?
2021-05-30 16:20:09.435  INFO localhost.localdomain --- [           main] o.s.s.c.ThreadPoolTaskExecutor           : Initializing ExecutorService 'applicationTaskExecutor'
2021-05-30 16:20:10.029  INFO localhost.localdomain --- [           main] c.r.a.AssessmentApplicationTests         : Started AssessmentApplicationTests in 9.385 seconds (JVM running for 10.791)
2021-05-30 16:20:10.230  INFO localhost.localdomain --- [extShutdownHook] o.s.s.c.ThreadPoolTaskExecutor           : Shutting down ExecutorService 'applicationTaskExecutor'
2021-05-30 16:20:10.241  INFO localhost.localdomain --- [extShutdownHook] j.LocalContainerEntityManagerFactoryBean : Closing JPA EntityManagerFactory for persistence unit 'default'
2021-05-30 16:20:10.244  INFO localhost.localdomain --- [extShutdownHook] c.z.h.HikariDataSource                   : HikariPool-1 - Shutdown initiated...
2021-05-30 16:20:10.298  INFO localhost.localdomain --- [extShutdownHook] c.z.h.HikariDataSource                   : HikariPool-1 - Shutdown completed.
2021-05-30 16:21:58.873  INFO localhost.localdomain --- [kground-preinit] o.h.v.i.u.Version                        : HV000001: Hibernate Validator 6.1.7.Final
2021-05-30 16:21:59.052  INFO localhost.localdomain --- [  restartedMain] c.r.a.AssessmentApplication              : Starting AssessmentApplication using Java 1.8.0_211 on localhost.localdomain with PID 10848 (/home/vganesh/Vijay/assessment/target/classes started by vganesh in /home/vganesh/Vijay/assessment)
2021-05-30 16:21:59.065  INFO localhost.localdomain --- [  restartedMain] c.r.a.AssessmentApplication              : No active profile set, falling back to default profiles: default
2021-05-30 16:21:59.203  INFO localhost.localdomain --- [  restartedMain] .e.DevToolsPropertyDefaultsPostProcessor : Devtools property defaults active! Set 'spring.devtools.add-properties' to 'false' to disable
2021-05-30 16:21:59.204  INFO localhost.localdomain --- [  restartedMain] .e.DevToolsPropertyDefaultsPostProcessor : For additional web related logging consider setting the 'logging.level.web' property to 'DEBUG'
2021-05-30 16:22:00.466  INFO localhost.localdomain --- [  restartedMain] .s.d.r.c.RepositoryConfigurationDelegate : Bootstrapping Spring Data JPA repositories in DEFAULT mode.
2021-05-30 16:22:00.606  INFO localhost.localdomain --- [  restartedMain] .s.d.r.c.RepositoryConfigurationDelegate : Finished Spring Data repository scanning in 126 ms. Found 8 JPA repository interfaces.
2021-05-30 16:22:01.255  INFO localhost.localdomain --- [  restartedMain] trationDelegate$BeanPostProcessorChecker : Bean 'org.springframework.security.access.expression.method.DefaultMethodSecurityExpressionHandler@4462fb8e' of type [org.springframework.security.access.expression.method.DefaultMethodSecurityExpressionHandler] is not eligible for getting processed by all BeanPostProcessors (for example: not eligible for auto-proxying)
2021-05-30 16:22:01.266  INFO localhost.localdomain --- [  restartedMain] trationDelegate$BeanPostProcessorChecker : Bean 'methodSecurityMetadataSource' of type [org.springframework.security.access.method.DelegatingMethodSecurityMetadataSource] is not eligible for getting processed by all BeanPostProcessors (for example: not eligible for auto-proxying)
2021-05-30 16:22:01.723  INFO localhost.localdomain --- [  restartedMain] o.s.b.w.e.t.TomcatWebServer              : Tomcat initialized with port(s): 8080 (http)
2021-05-30 16:22:01.736  INFO localhost.localdomain --- [  restartedMain] o.a.c.h.Http11NioProtocol                : Initializing ProtocolHandler ["http-nio-8080"]
2021-05-30 16:22:01.737  INFO localhost.localdomain --- [  restartedMain] o.a.c.c.StandardService                  : Starting service [Tomcat]
2021-05-30 16:22:01.737  INFO localhost.localdomain --- [  restartedMain] o.a.c.c.StandardEngine                   : Starting Servlet engine: [Apache Tomcat/9.0.43]
2021-05-30 16:22:01.823  INFO localhost.localdomain --- [  restartedMain] o.a.c.c.C.[.[.[/]                        : Initializing Spring embedded WebApplicationContext
2021-05-30 16:22:01.823  INFO localhost.localdomain --- [  restartedMain] w.s.c.ServletWebServerApplicationContext : Root WebApplicationContext: initialization completed in 2614 ms
2021-05-30 16:22:01.955  WARN localhost.localdomain --- [  restartedMain] JpaBaseConfiguration$JpaWebConfiguration : spring.jpa.open-in-view is enabled by default. Therefore, database queries may be performed during view rendering. Explicitly configure spring.jpa.open-in-view to disable this warning
2021-05-30 16:22:02.126  INFO localhost.localdomain --- [  restartedMain] o.f.c.i.l.VersionPrinter                 : Flyway Community Edition 7.1.1 by Redgate
2021-05-30 16:22:02.138  INFO localhost.localdomain --- [  restartedMain] c.z.h.HikariDataSource                   : HikariPool-1 - Starting...
2021-05-30 16:22:02.430  INFO localhost.localdomain --- [  restartedMain] c.z.h.HikariDataSource                   : HikariPool-1 - Start completed.
2021-05-30 16:22:02.531  INFO localhost.localdomain --- [  restartedMain] o.f.c.i.d.b.DatabaseType                 : Database: jdbc:mysql://localhost:3306/Alert_Manager (MySQL 5.7)
2021-05-30 16:22:02.619  INFO localhost.localdomain --- [  restartedMain] o.f.c.i.c.DbValidate                     : Successfully validated 4 migrations (execution time 00:00.037s)
2021-05-30 16:22:02.635  INFO localhost.localdomain --- [  restartedMain] o.f.c.i.c.DbMigrate                      : Current version of schema `Alert_Manager`: 4
2021-05-30 16:22:02.637  INFO localhost.localdomain --- [  restartedMain] o.f.c.i.c.DbMigrate                      : Schema `Alert_Manager` is up to date. No migration necessary.
2021-05-30 16:22:02.736  INFO localhost.localdomain --- [  restartedMain] o.h.j.i.u.LogHelper                      : HHH000204: Processing PersistenceUnitInfo [name: default]
2021-05-30 16:22:02.813  INFO localhost.localdomain --- [  restartedMain] o.h.Version                              : HHH000412: Hibernate ORM core version 5.4.28.Final
2021-05-30 16:22:03.030  INFO localhost.localdomain --- [  restartedMain] o.h.a.c.Version                          : HCANN000001: Hibernate Commons Annotations {5.1.2.Final}
2021-05-30 16:22:03.200  INFO localhost.localdomain --- [  restartedMain] o.h.d.Dialect                            : HHH000400: Using dialect: org.hibernate.dialect.MySQL5InnoDBDialect
2021-05-30 16:22:04.566  INFO localhost.localdomain --- [  restartedMain] o.h.e.t.j.p.i.JtaPlatformInitiator       : HHH000490: Using JtaPlatform implementation: [org.hibernate.engine.transaction.jta.platform.internal.NoJtaPlatform]
2021-05-30 16:22:04.581  INFO localhost.localdomain --- [  restartedMain] j.LocalContainerEntityManagerFactoryBean : Initialized JPA EntityManagerFactory for persistence unit 'default'
2021-05-30 16:22:05.647 DEBUG localhost.localdomain --- [  restartedMain] o.h.SQL                                  : 
    select
        user0_.id as id1_6_,
        user0_.datecreated as datecrea2_6_,
        user0_.department as departme3_6_,
        user0_.user_email as user_ema4_6_,
        user0_.employee_id as employee5_6_,
        user0_.user_firstname as user_fir6_6_,
        user0_.invalid_auth_req_count as invalid_7_6_,
        user0_.last_password_reset as last_pas8_6_,
        user0_.user_lastname as user_las9_6_,
        user0_.user_middlename as user_mi10_6_,
        user0_.phone_no as phone_n11_6_,
        user0_.password as passwor12_6_,
        user0_.role_id as role_id14_6_,
        user0_.username as usernam13_6_ 
    from
        user_data user0_ 
    where
        user0_.employee_id=?
2021-05-30 16:22:05.673 DEBUG localhost.localdomain --- [  restartedMain] o.h.SQL                                  : 
    select
        role0_.id as id1_3_0_,
        role0_.role_name as role_nam2_3_0_ 
    from
        role role0_ 
    where
        role0_.id=?
2021-05-30 16:22:06.231  INFO localhost.localdomain --- [  restartedMain] o.s.s.c.ThreadPoolTaskExecutor           : Initializing ExecutorService 'applicationTaskExecutor'
2021-05-30 16:22:06.666  INFO localhost.localdomain --- [  restartedMain] o.s.b.d.a.OptionalLiveReloadServer       : LiveReload server is running on port 35729
2021-05-30 16:22:06.695  INFO localhost.localdomain --- [  restartedMain] o.a.c.h.Http11NioProtocol                : Starting ProtocolHandler ["http-nio-8080"]
2021-05-30 16:22:06.720  INFO localhost.localdomain --- [  restartedMain] o.s.b.w.e.t.TomcatWebServer              : Tomcat started on port(s): 8080 (http) with context path ''
2021-05-30 16:22:06.742  INFO localhost.localdomain --- [  restartedMain] c.r.a.AssessmentApplication              : Started AssessmentApplication in 8.489 seconds (JVM running for 10.117)
2021-05-30 17:10:15.512  INFO localhost.localdomain --- [           main] .b.t.c.SpringBootTestContextBootstrapper : Neither @ContextConfiguration nor @ContextHierarchy found for test class [com.risk.assessment.AssessmentApplicationTests], using SpringBootContextLoader
2021-05-30 17:10:15.545  INFO localhost.localdomain --- [           main] o.s.t.c.s.AbstractContextLoader          : Could not detect default resource locations for test class [com.risk.assessment.AssessmentApplicationTests]: no resource found for suffixes {-context.xml, Context.groovy}.
2021-05-30 17:10:15.546  INFO localhost.localdomain --- [           main] t.c.s.AnnotationConfigContextLoaderUtils : Could not detect default configuration classes for test class [com.risk.assessment.AssessmentApplicationTests]: AssessmentApplicationTests does not declare any static, non-private, non-final, nested classes annotated with @Configuration.
2021-05-30 17:10:16.518  INFO localhost.localdomain --- [           main] .b.t.c.SpringBootTestContextBootstrapper : Found @SpringBootConfiguration com.risk.assessment.AssessmentApplication for test class com.risk.assessment.AssessmentApplicationTests
2021-05-30 17:10:17.042  INFO localhost.localdomain --- [           main] .b.t.c.SpringBootTestContextBootstrapper : Loaded default TestExecutionListener class names from location [META-INF/spring.factories]: [org.springframework.boot.test.mock.mockito.MockitoTestExecutionListener, org.springframework.boot.test.mock.mockito.ResetMocksTestExecutionListener, org.springframework.boot.test.autoconfigure.restdocs.RestDocsTestExecutionListener, org.springframework.boot.test.autoconfigure.web.client.MockRestServiceServerResetTestExecutionListener, org.springframework.boot.test.autoconfigure.web.servlet.MockMvcPrintOnlyOnFailureTestExecutionListener, org.springframework.boot.test.autoconfigure.web.servlet.WebDriverTestExecutionListener, org.springframework.boot.test.autoconfigure.webservices.client.MockWebServiceServerTestExecutionListener, org.springframework.test.context.web.ServletTestExecutionListener, org.springframework.test.context.support.DirtiesContextBeforeModesTestExecutionListener, org.springframework.test.context.event.ApplicationEventsTestExecutionListener, org.springframework.test.context.support.DependencyInjectionTestExecutionListener, org.springframework.test.context.support.DirtiesContextTestExecutionListener, org.springframework.test.context.transaction.TransactionalTestExecutionListener, org.springframework.test.context.jdbc.SqlScriptsTestExecutionListener, org.springframework.test.context.event.EventPublishingTestExecutionListener, org.springframework.security.test.context.support.WithSecurityContextTestExecutionListener, org.springframework.security.test.context.support.ReactorContextTestExecutionListener]
2021-05-30 17:10:17.221  INFO localhost.localdomain --- [           main] .b.t.c.SpringBootTestContextBootstrapper : Using TestExecutionListeners: [org.springframework.test.context.web.ServletTestExecutionListener@6155d082, org.springframework.test.context.support.DirtiesContextBeforeModesTestExecutionListener@3a5ecce3, org.springframework.test.context.event.ApplicationEventsTestExecutionListener@561868a0, org.springframework.boot.test.mock.mockito.MockitoTestExecutionListener@2ea6e30c, org.springframework.boot.test.autoconfigure.SpringBootDependencyInjectionTestExecutionListener@6138e79a, org.springframework.test.context.support.DirtiesContextTestExecutionListener@2dcd168a, org.springframework.test.context.transaction.TransactionalTestExecutionListener@388526fb, org.springframework.test.context.jdbc.SqlScriptsTestExecutionListener@21a21c64, org.springframework.test.context.event.EventPublishingTestExecutionListener@7803bfd, org.springframework.security.test.context.support.WithSecurityContextTestExecutionListener@42bc14c1, org.springframework.security.test.context.support.ReactorContextTestExecutionListener@531f4093, org.springframework.boot.test.mock.mockito.ResetMocksTestExecutionListener@62ef27a8, org.springframework.boot.test.autoconfigure.restdocs.RestDocsTestExecutionListener@6436a7db, org.springframework.boot.test.autoconfigure.web.client.MockRestServiceServerResetTestExecutionListener@460ebd80, org.springframework.boot.test.autoconfigure.web.servlet.MockMvcPrintOnlyOnFailureTestExecutionListener@6f3c660a, org.springframework.boot.test.autoconfigure.web.servlet.WebDriverTestExecutionListener@74f5ce22, org.springframework.boot.test.autoconfigure.webservices.client.MockWebServiceServerTestExecutionListener@25aca718]
2021-05-30 17:10:18.075  INFO localhost.localdomain --- [           main] c.r.a.AssessmentApplicationTests         : Starting AssessmentApplicationTests using Java 1.8.0_211 on localhost.localdomain with PID 6842 (started by vganesh in /home/vganesh/Vijay/assessment)
2021-05-30 17:10:18.102  INFO localhost.localdomain --- [           main] c.r.a.AssessmentApplicationTests         : No active profile set, falling back to default profiles: default
2021-05-30 17:10:18.138  INFO localhost.localdomain --- [kground-preinit] o.h.v.i.u.Version                        : HV000001: Hibernate Validator 6.1.7.Final
2021-05-30 17:10:40.933  INFO localhost.localdomain --- [           main] .s.d.r.c.RepositoryConfigurationDelegate : Bootstrapping Spring Data JPA repositories in DEFAULT mode.
2021-05-30 17:10:41.541  INFO localhost.localdomain --- [           main] .s.d.r.c.RepositoryConfigurationDelegate : Finished Spring Data repository scanning in 538 ms. Found 8 JPA repository interfaces.
2021-05-30 17:10:44.281  INFO localhost.localdomain --- [           main] trationDelegate$BeanPostProcessorChecker : Bean 'org.springframework.security.access.expression.method.DefaultMethodSecurityExpressionHandler@a098d76' of type [org.springframework.security.access.expression.method.DefaultMethodSecurityExpressionHandler] is not eligible for getting processed by all BeanPostProcessors (for example: not eligible for auto-proxying)
2021-05-30 17:10:44.306  INFO localhost.localdomain --- [           main] trationDelegate$BeanPostProcessorChecker : Bean 'methodSecurityMetadataSource' of type [org.springframework.security.access.method.DelegatingMethodSecurityMetadataSource] is not eligible for getting processed by all BeanPostProcessors (for example: not eligible for auto-proxying)
2021-05-30 17:10:47.222  INFO localhost.localdomain --- [           main] o.f.c.i.l.VersionPrinter                 : Flyway Community Edition 7.1.1 by Redgate
2021-05-30 17:10:47.256  INFO localhost.localdomain --- [           main] c.z.h.HikariDataSource                   : HikariPool-1 - Starting...
2021-05-30 17:10:51.345  INFO localhost.localdomain --- [           main] c.z.h.HikariDataSource                   : HikariPool-1 - Start completed.
2021-05-30 17:10:51.680  INFO localhost.localdomain --- [           main] o.f.c.i.d.b.DatabaseType                 : Database: jdbc:mysql://localhost:3306/Alert_Manager (MySQL 5.7)
2021-05-30 17:10:52.783  INFO localhost.localdomain --- [           main] o.f.c.i.c.DbValidate                     : Successfully validated 4 migrations (execution time 00:01.037s)
2021-05-30 17:10:52.825  INFO localhost.localdomain --- [           main] o.f.c.i.c.DbMigrate                      : Current version of schema `Alert_Manager`: 4
2021-05-30 17:10:52.826  INFO localhost.localdomain --- [           main] o.f.c.i.c.DbMigrate                      : Schema `Alert_Manager` is up to date. No migration necessary.
2021-05-30 17:10:53.309  INFO localhost.localdomain --- [           main] o.h.j.i.u.LogHelper                      : HHH000204: Processing PersistenceUnitInfo [name: default]
2021-05-30 17:10:53.838  INFO localhost.localdomain --- [           main] o.h.Version                              : HHH000412: Hibernate ORM core version 5.4.28.Final
2021-05-30 17:10:55.130  INFO localhost.localdomain --- [           main] o.h.a.c.Version                          : HCANN000001: Hibernate Commons Annotations {5.1.2.Final}
2021-05-30 17:10:56.273  INFO localhost.localdomain --- [           main] o.h.d.Dialect                            : HHH000400: Using dialect: org.hibernate.dialect.MySQL5InnoDBDialect
2021-05-30 17:10:58.733  INFO localhost.localdomain --- [           main] o.h.e.t.j.p.i.JtaPlatformInitiator       : HHH000490: Using JtaPlatform implementation: [org.hibernate.engine.transaction.jta.platform.internal.NoJtaPlatform]
2021-05-30 17:10:58.743  INFO localhost.localdomain --- [           main] j.LocalContainerEntityManagerFactoryBean : Initialized JPA EntityManagerFactory for persistence unit 'default'
2021-05-30 17:11:02.041  WARN localhost.localdomain --- [           main] JpaBaseConfiguration$JpaWebConfiguration : spring.jpa.open-in-view is enabled by default. Therefore, database queries may be performed during view rendering. Explicitly configure spring.jpa.open-in-view to disable this warning
2021-05-30 17:11:07.826  INFO localhost.localdomain --- [           main] o.s.s.c.ThreadPoolTaskExecutor           : Initializing ExecutorService 'applicationTaskExecutor'
2021-05-30 17:11:09.189  INFO localhost.localdomain --- [           main] c.r.a.AssessmentApplicationTests         : Started AssessmentApplicationTests in 51.783 seconds (JVM running for 56.465)
2021-05-30 17:11:10.343  INFO localhost.localdomain --- [extShutdownHook] o.s.s.c.ThreadPoolTaskExecutor           : Shutting down ExecutorService 'applicationTaskExecutor'
2021-05-30 17:11:10.347  INFO localhost.localdomain --- [extShutdownHook] j.LocalContainerEntityManagerFactoryBean : Closing JPA EntityManagerFactory for persistence unit 'default'
2021-05-30 17:11:10.361  INFO localhost.localdomain --- [extShutdownHook] c.z.h.HikariDataSource                   : HikariPool-1 - Shutdown initiated...
2021-05-30 17:11:10.420  INFO localhost.localdomain --- [extShutdownHook] c.z.h.HikariDataSource                   : HikariPool-1 - Shutdown completed.
2021-05-30 17:16:57.549  INFO localhost.localdomain --- [           main] .b.t.c.SpringBootTestContextBootstrapper : Neither @ContextConfiguration nor @ContextHierarchy found for test class [com.risk.assessment.AssessmentApplicationTests], using SpringBootContextLoader
2021-05-30 17:16:57.558  INFO localhost.localdomain --- [           main] o.s.t.c.s.AbstractContextLoader          : Could not detect default resource locations for test class [com.risk.assessment.AssessmentApplicationTests]: no resource found for suffixes {-context.xml, Context.groovy}.
2021-05-30 17:16:57.559  INFO localhost.localdomain --- [           main] t.c.s.AnnotationConfigContextLoaderUtils : Could not detect default configuration classes for test class [com.risk.assessment.AssessmentApplicationTests]: AssessmentApplicationTests does not declare any static, non-private, non-final, nested classes annotated with @Configuration.
2021-05-30 17:16:57.664  INFO localhost.localdomain --- [           main] .b.t.c.SpringBootTestContextBootstrapper : Found @SpringBootConfiguration com.risk.assessment.AssessmentApplication for test class com.risk.assessment.AssessmentApplicationTests
2021-05-30 17:16:57.750  INFO localhost.localdomain --- [           main] .b.t.c.SpringBootTestContextBootstrapper : Loaded default TestExecutionListener class names from location [META-INF/spring.factories]: [org.springframework.boot.test.mock.mockito.MockitoTestExecutionListener, org.springframework.boot.test.mock.mockito.ResetMocksTestExecutionListener, org.springframework.boot.test.autoconfigure.restdocs.RestDocsTestExecutionListener, org.springframework.boot.test.autoconfigure.web.client.MockRestServiceServerResetTestExecutionListener, org.springframework.boot.test.autoconfigure.web.servlet.MockMvcPrintOnlyOnFailureTestExecutionListener, org.springframework.boot.test.autoconfigure.web.servlet.WebDriverTestExecutionListener, org.springframework.boot.test.autoconfigure.webservices.client.MockWebServiceServerTestExecutionListener, org.springframework.test.context.web.ServletTestExecutionListener, org.springframework.test.context.support.DirtiesContextBeforeModesTestExecutionListener, org.springframework.test.context.event.ApplicationEventsTestExecutionListener, org.springframework.test.context.support.DependencyInjectionTestExecutionListener, org.springframework.test.context.support.DirtiesContextTestExecutionListener, org.springframework.test.context.transaction.TransactionalTestExecutionListener, org.springframework.test.context.jdbc.SqlScriptsTestExecutionListener, org.springframework.test.context.event.EventPublishingTestExecutionListener, org.springframework.security.test.context.support.WithSecurityContextTestExecutionListener, org.springframework.security.test.context.support.ReactorContextTestExecutionListener]
2021-05-30 17:16:57.769  INFO localhost.localdomain --- [           main] .b.t.c.SpringBootTestContextBootstrapper : Using TestExecutionListeners: [org.springframework.test.context.web.ServletTestExecutionListener@62ef27a8, org.springframework.test.context.support.DirtiesContextBeforeModesTestExecutionListener@6436a7db, org.springframework.test.context.event.ApplicationEventsTestExecutionListener@460ebd80, org.springframework.boot.test.mock.mockito.MockitoTestExecutionListener@6f3c660a, org.springframework.boot.test.autoconfigure.SpringBootDependencyInjectionTestExecutionListener@74f5ce22, org.springframework.test.context.support.DirtiesContextTestExecutionListener@25aca718, org.springframework.test.context.transaction.TransactionalTestExecutionListener@16fdec90, org.springframework.test.context.jdbc.SqlScriptsTestExecutionListener@1afdd473, org.springframework.test.context.event.EventPublishingTestExecutionListener@40238dd0, org.springframework.security.test.context.support.WithSecurityContextTestExecutionListener@7776ab, org.springframework.security.test.context.support.ReactorContextTestExecutionListener@79179359, org.springframework.boot.test.mock.mockito.ResetMocksTestExecutionListener@dbd8e44, org.springframework.boot.test.autoconfigure.restdocs.RestDocsTestExecutionListener@51acdf2e, org.springframework.boot.test.autoconfigure.web.client.MockRestServiceServerResetTestExecutionListener@6a55299e, org.springframework.boot.test.autoconfigure.web.servlet.MockMvcPrintOnlyOnFailureTestExecutionListener@2f1de2d6, org.springframework.boot.test.autoconfigure.web.servlet.WebDriverTestExecutionListener@4eb386df, org.springframework.boot.test.autoconfigure.webservices.client.MockWebServiceServerTestExecutionListener@79517588]
2021-05-30 17:16:58.103  INFO localhost.localdomain --- [kground-preinit] o.h.v.i.u.Version                        : HV000001: Hibernate Validator 6.1.7.Final
2021-05-30 17:16:58.126  INFO localhost.localdomain --- [           main] c.r.a.AssessmentApplicationTests         : Starting AssessmentApplicationTests using Java 1.8.0_211 on localhost.localdomain with PID 7979 (started by vganesh in /home/vganesh/Vijay/assessment)
2021-05-30 17:16:58.132  INFO localhost.localdomain --- [           main] c.r.a.AssessmentApplicationTests         : No active profile set, falling back to default profiles: default
2021-05-30 17:16:59.058  INFO localhost.localdomain --- [           main] .s.d.r.c.RepositoryConfigurationDelegate : Bootstrapping Spring Data JPA repositories in DEFAULT mode.
2021-05-30 17:16:59.217  INFO localhost.localdomain --- [           main] .s.d.r.c.RepositoryConfigurationDelegate : Finished Spring Data repository scanning in 148 ms. Found 8 JPA repository interfaces.
2021-05-30 17:16:59.787  INFO localhost.localdomain --- [           main] trationDelegate$BeanPostProcessorChecker : Bean 'org.springframework.security.access.expression.method.DefaultMethodSecurityExpressionHandler@328d044f' of type [org.springframework.security.access.expression.method.DefaultMethodSecurityExpressionHandler] is not eligible for getting processed by all BeanPostProcessors (for example: not eligible for auto-proxying)
2021-05-30 17:16:59.805  INFO localhost.localdomain --- [           main] trationDelegate$BeanPostProcessorChecker : Bean 'methodSecurityMetadataSource' of type [org.springframework.security.access.method.DelegatingMethodSecurityMetadataSource] is not eligible for getting processed by all BeanPostProcessors (for example: not eligible for auto-proxying)
2021-05-30 17:17:00.115  INFO localhost.localdomain --- [           main] o.f.c.i.l.VersionPrinter                 : Flyway Community Edition 7.1.1 by Redgate
2021-05-30 17:17:00.124  INFO localhost.localdomain --- [           main] c.z.h.HikariDataSource                   : HikariPool-1 - Starting...
2021-05-30 17:17:00.421  INFO localhost.localdomain --- [           main] c.z.h.HikariDataSource                   : HikariPool-1 - Start completed.
2021-05-30 17:17:00.473  INFO localhost.localdomain --- [           main] o.f.c.i.d.b.DatabaseType                 : Database: jdbc:mysql://localhost:3306/Alert_Manager (MySQL 5.7)
2021-05-30 17:17:00.531  INFO localhost.localdomain --- [           main] o.f.c.i.c.DbValidate                     : Successfully validated 4 migrations (execution time 00:00.031s)
2021-05-30 17:17:00.551  INFO localhost.localdomain --- [           main] o.f.c.i.c.DbMigrate                      : Current version of schema `Alert_Manager`: 4
2021-05-30 17:17:00.552  INFO localhost.localdomain --- [           main] o.f.c.i.c.DbMigrate                      : Schema `Alert_Manager` is up to date. No migration necessary.
2021-05-30 17:17:00.685  INFO localhost.localdomain --- [           main] o.h.j.i.u.LogHelper                      : HHH000204: Processing PersistenceUnitInfo [name: default]
2021-05-30 17:17:00.747  INFO localhost.localdomain --- [           main] o.h.Version                              : HHH000412: Hibernate ORM core version 5.4.28.Final
2021-05-30 17:17:01.015  INFO localhost.localdomain --- [           main] o.h.a.c.Version                          : HCANN000001: Hibernate Commons Annotations {5.1.2.Final}
2021-05-30 17:17:01.200  INFO localhost.localdomain --- [           main] o.h.d.Dialect                            : HHH000400: Using dialect: org.hibernate.dialect.MySQL5InnoDBDialect
2021-05-30 17:17:02.328  INFO localhost.localdomain --- [           main] o.h.e.t.j.p.i.JtaPlatformInitiator       : HHH000490: Using JtaPlatform implementation: [org.hibernate.engine.transaction.jta.platform.internal.NoJtaPlatform]
2021-05-30 17:17:02.342  INFO localhost.localdomain --- [           main] j.LocalContainerEntityManagerFactoryBean : Initialized JPA EntityManagerFactory for persistence unit 'default'
2021-05-30 17:17:03.263  WARN localhost.localdomain --- [           main] JpaBaseConfiguration$JpaWebConfiguration : spring.jpa.open-in-view is enabled by default. Therefore, database queries may be performed during view rendering. Explicitly configure spring.jpa.open-in-view to disable this warning
2021-05-30 17:17:04.282  INFO localhost.localdomain --- [           main] o.s.s.c.ThreadPoolTaskExecutor           : Initializing ExecutorService 'applicationTaskExecutor'
2021-05-30 17:17:04.956  INFO localhost.localdomain --- [           main] c.r.a.AssessmentApplicationTests         : Started AssessmentApplicationTests in 7.138 seconds (JVM running for 8.521)
2021-05-30 17:17:05.128  INFO localhost.localdomain --- [extShutdownHook] o.s.s.c.ThreadPoolTaskExecutor           : Shutting down ExecutorService 'applicationTaskExecutor'
2021-05-30 17:17:05.132  INFO localhost.localdomain --- [extShutdownHook] j.LocalContainerEntityManagerFactoryBean : Closing JPA EntityManagerFactory for persistence unit 'default'
2021-05-30 17:17:05.134  INFO localhost.localdomain --- [extShutdownHook] c.z.h.HikariDataSource                   : HikariPool-1 - Shutdown initiated...
2021-05-30 17:17:05.148  INFO localhost.localdomain --- [extShutdownHook] c.z.h.HikariDataSource                   : HikariPool-1 - Shutdown completed.
2021-05-30 17:20:09.563  INFO localhost.localdomain --- [kground-preinit] o.h.v.i.u.Version                        : HV000001: Hibernate Validator 6.1.7.Final
2021-05-30 17:20:09.792  INFO localhost.localdomain --- [  restartedMain] c.r.a.AssessmentApplication              : Starting AssessmentApplication using Java 1.8.0_211 on localhost.localdomain with PID 8398 (/home/vganesh/Vijay/assessment/target/classes started by vganesh in /home/vganesh/Vijay/assessment)
2021-05-30 17:20:09.804  INFO localhost.localdomain --- [  restartedMain] c.r.a.AssessmentApplication              : No active profile set, falling back to default profiles: default
2021-05-30 17:20:09.927  INFO localhost.localdomain --- [  restartedMain] .e.DevToolsPropertyDefaultsPostProcessor : Devtools property defaults active! Set 'spring.devtools.add-properties' to 'false' to disable
2021-05-30 17:20:09.927  INFO localhost.localdomain --- [  restartedMain] .e.DevToolsPropertyDefaultsPostProcessor : For additional web related logging consider setting the 'logging.level.web' property to 'DEBUG'
2021-05-30 17:20:11.237  INFO localhost.localdomain --- [  restartedMain] .s.d.r.c.RepositoryConfigurationDelegate : Bootstrapping Spring Data JPA repositories in DEFAULT mode.
2021-05-30 17:20:11.383  INFO localhost.localdomain --- [  restartedMain] .s.d.r.c.RepositoryConfigurationDelegate : Finished Spring Data repository scanning in 131 ms. Found 8 JPA repository interfaces.
2021-05-30 17:20:12.026  INFO localhost.localdomain --- [  restartedMain] trationDelegate$BeanPostProcessorChecker : Bean 'org.springframework.security.access.expression.method.DefaultMethodSecurityExpressionHandler@7cd439f1' of type [org.springframework.security.access.expression.method.DefaultMethodSecurityExpressionHandler] is not eligible for getting processed by all BeanPostProcessors (for example: not eligible for auto-proxying)
2021-05-30 17:20:12.038  INFO localhost.localdomain --- [  restartedMain] trationDelegate$BeanPostProcessorChecker : Bean 'methodSecurityMetadataSource' of type [org.springframework.security.access.method.DelegatingMethodSecurityMetadataSource] is not eligible for getting processed by all BeanPostProcessors (for example: not eligible for auto-proxying)
2021-05-30 17:20:12.511  INFO localhost.localdomain --- [  restartedMain] o.s.b.w.e.t.TomcatWebServer              : Tomcat initialized with port(s): 8080 (http)
2021-05-30 17:20:12.523  INFO localhost.localdomain --- [  restartedMain] o.a.c.h.Http11NioProtocol                : Initializing ProtocolHandler ["http-nio-8080"]
2021-05-30 17:20:12.524  INFO localhost.localdomain --- [  restartedMain] o.a.c.c.StandardService                  : Starting service [Tomcat]
2021-05-30 17:20:12.524  INFO localhost.localdomain --- [  restartedMain] o.a.c.c.StandardEngine                   : Starting Servlet engine: [Apache Tomcat/9.0.43]
2021-05-30 17:20:12.599  INFO localhost.localdomain --- [  restartedMain] o.a.c.c.C.[.[.[/]                        : Initializing Spring embedded WebApplicationContext
2021-05-30 17:20:12.599  INFO localhost.localdomain --- [  restartedMain] w.s.c.ServletWebServerApplicationContext : Root WebApplicationContext: initialization completed in 2671 ms
2021-05-30 17:20:12.714  WARN localhost.localdomain --- [  restartedMain] JpaBaseConfiguration$JpaWebConfiguration : spring.jpa.open-in-view is enabled by default. Therefore, database queries may be performed during view rendering. Explicitly configure spring.jpa.open-in-view to disable this warning
2021-05-30 17:20:12.887  INFO localhost.localdomain --- [  restartedMain] o.f.c.i.l.VersionPrinter                 : Flyway Community Edition 7.1.1 by Redgate
2021-05-30 17:20:12.898  INFO localhost.localdomain --- [  restartedMain] c.z.h.HikariDataSource                   : HikariPool-1 - Starting...
2021-05-30 17:20:13.196  INFO localhost.localdomain --- [  restartedMain] c.z.h.HikariDataSource                   : HikariPool-1 - Start completed.
2021-05-30 17:20:13.290  INFO localhost.localdomain --- [  restartedMain] o.f.c.i.d.b.DatabaseType                 : Database: jdbc:mysql://localhost:3306/Alert_Manager (MySQL 5.7)
2021-05-30 17:20:13.394  INFO localhost.localdomain --- [  restartedMain] o.f.c.i.c.DbValidate                     : Successfully validated 4 migrations (execution time 00:00.037s)
2021-05-30 17:20:13.413  INFO localhost.localdomain --- [  restartedMain] o.f.c.i.c.DbMigrate                      : Current version of schema `Alert_Manager`: 4
2021-05-30 17:20:13.414  INFO localhost.localdomain --- [  restartedMain] o.f.c.i.c.DbMigrate                      : Schema `Alert_Manager` is up to date. No migration necessary.
2021-05-30 17:20:13.486  INFO localhost.localdomain --- [  restartedMain] o.h.j.i.u.LogHelper                      : HHH000204: Processing PersistenceUnitInfo [name: default]
2021-05-30 17:20:13.572  INFO localhost.localdomain --- [  restartedMain] o.h.Version                              : HHH000412: Hibernate ORM core version 5.4.28.Final
2021-05-30 17:20:13.805  INFO localhost.localdomain --- [  restartedMain] o.h.a.c.Version                          : HCANN000001: Hibernate Commons Annotations {5.1.2.Final}
2021-05-30 17:20:13.988  INFO localhost.localdomain --- [  restartedMain] o.h.d.Dialect                            : HHH000400: Using dialect: org.hibernate.dialect.MySQL5InnoDBDialect
2021-05-30 17:20:15.450  INFO localhost.localdomain --- [  restartedMain] o.h.e.t.j.p.i.JtaPlatformInitiator       : HHH000490: Using JtaPlatform implementation: [org.hibernate.engine.transaction.jta.platform.internal.NoJtaPlatform]
2021-05-30 17:20:15.469  INFO localhost.localdomain --- [  restartedMain] j.LocalContainerEntityManagerFactoryBean : Initialized JPA EntityManagerFactory for persistence unit 'default'
2021-05-30 17:20:17.397  INFO localhost.localdomain --- [  restartedMain] o.s.s.c.ThreadPoolTaskExecutor           : Initializing ExecutorService 'applicationTaskExecutor'
2021-05-30 17:20:17.801  INFO localhost.localdomain --- [  restartedMain] o.s.b.d.a.OptionalLiveReloadServer       : LiveReload server is running on port 35729
2021-05-30 17:20:17.825  INFO localhost.localdomain --- [  restartedMain] o.a.c.h.Http11NioProtocol                : Starting ProtocolHandler ["http-nio-8080"]
2021-05-30 17:20:17.888  INFO localhost.localdomain --- [  restartedMain] o.s.b.w.e.t.TomcatWebServer              : Tomcat started on port(s): 8080 (http) with context path ''
2021-05-30 17:20:17.903  INFO localhost.localdomain --- [  restartedMain] c.r.a.AssessmentApplication              : Started AssessmentApplication in 8.888 seconds (JVM running for 10.501)
